[E 250111 01:14:11 smartConnect:246] Error occurred while making a POST request to https://apiconnect.angelone.in/rest/auth/angelbroking/user/v1/loginByPassword. Error: Invalid totp. URL: https://apiconnect.angelone.in/rest/auth/angelbroking/user/v1/loginByPassword, Headers: {'Content-type': 'application/json', 'X-ClientLocalIP': '127.0.0.1', 'X-ClientPublicIP': '106.193.147.98', 'X-MACAddress': '28:d0:43:5b:b9:c1', 'Accept': 'application/json', 'X-PrivateKey': 'y2gLEdxZ', 'X-UserType': 'USER', 'X-SourceID': 'WEB'}, Request: {'clientcode': 'A62128571', 'password': '0852', 'totp': '940367'}, Response: {'status': False, 'message': 'Invalid totp', 'errorcode': 'AB1050', 'data': None}
[E 250111 01:14:11 app:38] {'status': False, 'message': 'Invalid totp', 'errorcode': 'AB1050', 'data': None}
[E 250111 01:14:20 smartConnect:246] Error occurred while making a POST request to https://apiconnect.angelone.in/rest/secure/angelbroking/order/v1/placeOrder. Error: failed response, error 29ce8e7e-ad6e-46f1-a55c-2efef931b75b| Put Order Request :  Error Code : 11  Reason : Message build error. URL: https://apiconnect.angelone.in/rest/secure/angelbroking/order/v1/placeOrder, Headers: {'Content-type': 'application/json', 'X-ClientLocalIP': '127.0.0.1', 'X-ClientPublicIP': '106.193.147.98', 'X-MACAddress': '28:d0:43:5b:b9:c1', 'Accept': 'application/json', 'X-PrivateKey': 'y2gLEdxZ', 'X-UserType': 'USER', 'X-SourceID': 'WEB'}, Request: {'variety': 'NORMAL', 'tradingsymbol': 'SBIN-EQ', 'symboltoken': '3045', 'transactiontype': 'BUY', 'exchange': 'NSE', 'ordertype': 'LIMIT', 'producttype': 'INTRADAY', 'duration': 'DAY', 'price': '19500', 'squareoff': '0', 'stoploss': '0', 'quantity': '1'}, Response: {'status': False, 'message': 'failed response, error 29ce8e7e-ad6e-46f1-a55c-2efef931b75b| Put Order Request :  Error Code : 11  Reason : Message build error', 'errorcode': 'AB1007', 'data': {'script': 'SBIN-EQ', 'orderid': None, 'uniqueorderid': '29ce8e7e-ad6e-46f1-a55c-2efef931b75b'}}
[E 250111 01:14:20 smartConnect:339] API request failed: {'status': False, 'message': 'failed response, error 29ce8e7e-ad6e-46f1-a55c-2efef931b75b| Put Order Request :  Error Code : 11  Reason : Message build error', 'errorcode': 'AB1007', 'data': {'script': 'SBIN-EQ', 'orderid': None, 'uniqueorderid': '29ce8e7e-ad6e-46f1-a55c-2efef931b75b'}}
[E 250111 10:35:32 run:1059] Failed to fetch wallet details: 'SmartConnect' object has no attribute 'getRMS'
[E 250111 10:35:34 run:1059] Failed to fetch wallet details: 'SmartConnect' object has no attribute 'getRMS'
[E 250111 10:38:09 run:1058] Failed to fetch wallet details: 'SmartConnect' object has no attribute 'getRMS'
[E 250111 10:38:10 run:1058] Failed to fetch wallet details: 'SmartConnect' object has no attribute 'getRMS'
[E 250111 10:41:37 run:1099] Failed to fetch wallet details: 'SmartConnect' object has no attribute 'getRMS'
[E 250111 10:41:53 run:1099] Failed to fetch wallet details: 'SmartConnect' object has no attribute 'getRMS'
[E 250111 10:41:54 run:1099] Failed to fetch wallet details: 'SmartConnect' object has no attribute 'getRMS'
[E 250111 10:41:55 run:1099] Failed to fetch wallet details: 'SmartConnect' object has no attribute 'getRMS'
[E 250111 13:26:56 run:60] Login failed: Couldn't parse the JSON response received from the server: b'Access denied because of exceeding access rate'
    Traceback (most recent call last):
      File "C:\Users\shafe\anaconda3\Lib\site-packages\SmartApi\smartConnect.py", line 230, in _request
        data = json.loads(r.content.decode("utf8"))
               ^^^^^^^^^^^^^^^^^^^^^^^^^^^^^^^^^^^^
      File "C:\Users\shafe\anaconda3\Lib\json\__init__.py", line 346, in loads
        return _default_decoder.decode(s)
               ^^^^^^^^^^^^^^^^^^^^^^^^^^
      File "C:\Users\shafe\anaconda3\Lib\json\decoder.py", line 337, in decode
        obj, end = self.raw_decode(s, idx=_w(s, 0).end())
                   ^^^^^^^^^^^^^^^^^^^^^^^^^^^^^^^^^^^^^^
      File "C:\Users\shafe\anaconda3\Lib\json\decoder.py", line 355, in raw_decode
        raise JSONDecodeError("Expecting value", s, err.value) from None
    json.decoder.JSONDecodeError: Expecting value: line 1 column 1 (char 0)
    
    During handling of the above exception, another exception occurred:
    
    Traceback (most recent call last):
      File "C:\Users\shafe\project\run.py", line 49, in login_to_api
        data = smartApi.generateSession(username, password, totp_code)
               ^^^^^^^^^^^^^^^^^^^^^^^^^^^^^^^^^^^^^^^^^^^^^^^^^^^^^^^
      File "C:\Users\shafe\anaconda3\Lib\site-packages\SmartApi\smartConnect.py", line 271, in generateSession
        loginResultObject=self._postRequest("api.login",params)
                          ^^^^^^^^^^^^^^^^^^^^^^^^^^^^^^^^^^^^^
      File "C:\Users\shafe\anaconda3\Lib\site-packages\SmartApi\smartConnect.py", line 263, in _postRequest
        return self._request(route, "POST", params)
               ^^^^^^^^^^^^^^^^^^^^^^^^^^^^^^^^^^^^
      File "C:\Users\shafe\anaconda3\Lib\site-packages\SmartApi\smartConnect.py", line 233, in _request
        raise ex.DataException("Couldn't parse the JSON response received from the server: {content}".format(
    SmartApi.smartExceptions.DataException: Couldn't parse the JSON response received from the server: b'Access denied because of exceeding access rate'
[E 250111 13:27:00 smartConnect:246] Error occurred while making a POST request to https://apiconnect.angelone.in/rest/secure/angelbroking/order/v1/placeOrder. Error: Invalid Token. URL: https://apiconnect.angelone.in/rest/secure/angelbroking/order/v1/placeOrder, Headers: {'Content-type': 'application/json', 'X-ClientLocalIP': '127.0.0.1', 'X-ClientPublicIP': '106.193.147.98', 'X-MACAddress': '28:d0:43:5b:b9:c1', 'Accept': 'application/json', 'X-PrivateKey': 'y2gLEdxZ', 'X-UserType': 'USER', 'X-SourceID': 'WEB'}, Request: {'variety': 'NORMAL', 'tradingsymbol': 'SBIN-EQ', 'symboltoken': '3045', 'transactiontype': 'BUY', 'exchange': 'NSE', 'ordertype': 'LIMIT', 'producttype': 'INTRADAY', 'duration': 'DAY', 'price': '19500', 'squareoff': '0', 'stoploss': '0', 'quantity': '1'}, Response: {'success': False, 'message': 'Invalid Token', 'errorCode': 'AG8001', 'data': ''}
[E 250111 13:27:00 smartConnect:339] API request failed: {'success': False, 'message': 'Invalid Token', 'errorCode': 'AG8001', 'data': ''}
[E 250111 13:27:02 smartConnect:246] Error occurred while making a POST request to https://apiconnect.angelone.in/rest/secure/angelbroking/order/v1/placeOrder. Error: Invalid Token. URL: https://apiconnect.angelone.in/rest/secure/angelbroking/order/v1/placeOrder, Headers: {'Content-type': 'application/json', 'X-ClientLocalIP': '127.0.0.1', 'X-ClientPublicIP': '106.193.147.98', 'X-MACAddress': '28:d0:43:5b:b9:c1', 'Accept': 'application/json', 'X-PrivateKey': 'y2gLEdxZ', 'X-UserType': 'USER', 'X-SourceID': 'WEB'}, Request: {'variety': 'NORMAL', 'tradingsymbol': 'SBIN-EQ', 'symboltoken': '3045', 'transactiontype': 'BUY', 'exchange': 'NSE', 'ordertype': 'LIMIT', 'producttype': 'INTRADAY', 'duration': 'DAY', 'price': '19500', 'squareoff': '0', 'stoploss': '0', 'quantity': '1'}, Response: {'success': False, 'message': 'Invalid Token', 'errorCode': 'AG8001', 'data': ''}
[E 250111 13:27:02 smartConnect:339] API request failed: {'success': False, 'message': 'Invalid Token', 'errorCode': 'AG8001', 'data': ''}
[E 250111 13:27:04 smartConnect:246] Error occurred while making a POST request to https://apiconnect.angelone.in/rest/secure/angelbroking/order/v1/placeOrder. Error: Invalid Token. URL: https://apiconnect.angelone.in/rest/secure/angelbroking/order/v1/placeOrder, Headers: {'Content-type': 'application/json', 'X-ClientLocalIP': '127.0.0.1', 'X-ClientPublicIP': '106.193.147.98', 'X-MACAddress': '28:d0:43:5b:b9:c1', 'Accept': 'application/json', 'X-PrivateKey': 'y2gLEdxZ', 'X-UserType': 'USER', 'X-SourceID': 'WEB'}, Request: {'variety': 'NORMAL', 'tradingsymbol': 'SBIN-EQ', 'symboltoken': '3045', 'transactiontype': 'BUY', 'exchange': 'NSE', 'ordertype': 'LIMIT', 'producttype': 'INTRADAY', 'duration': 'DAY', 'price': '19500', 'squareoff': '0', 'stoploss': '0', 'quantity': '1'}, Response: {'success': False, 'message': 'Invalid Token', 'errorCode': 'AG8001', 'data': ''}
[E 250111 13:27:04 smartConnect:339] API request failed: {'success': False, 'message': 'Invalid Token', 'errorCode': 'AG8001', 'data': ''}
[E 250111 13:27:09 smartConnect:246] Error occurred while making a POST request to https://apiconnect.angelone.in/rest/secure/angelbroking/order/v1/placeOrder. Error: Invalid Token. URL: https://apiconnect.angelone.in/rest/secure/angelbroking/order/v1/placeOrder, Headers: {'Content-type': 'application/json', 'X-ClientLocalIP': '127.0.0.1', 'X-ClientPublicIP': '106.193.147.98', 'X-MACAddress': '28:d0:43:5b:b9:c1', 'Accept': 'application/json', 'X-PrivateKey': 'y2gLEdxZ', 'X-UserType': 'USER', 'X-SourceID': 'WEB'}, Request: {'variety': 'NORMAL', 'tradingsymbol': 'SBIN-EQ', 'symboltoken': '3045', 'transactiontype': 'BUY', 'exchange': 'NSE', 'ordertype': 'LIMIT', 'producttype': 'INTRADAY', 'duration': 'DAY', 'price': '19500', 'squareoff': '0', 'stoploss': '0', 'quantity': '1'}, Response: {'success': False, 'message': 'Invalid Token', 'errorCode': 'AG8001', 'data': ''}
[E 250111 13:27:09 smartConnect:339] API request failed: {'success': False, 'message': 'Invalid Token', 'errorCode': 'AG8001', 'data': ''}
[E 250111 16:45:03 smartConnect:246] Error occurred while making a POST request to https://apiconnect.angelone.in/rest/auth/angelbroking/user/v1/loginByPassword. Error: Invalid totp. URL: https://apiconnect.angelone.in/rest/auth/angelbroking/user/v1/loginByPassword, Headers: {'Content-type': 'application/json', 'X-ClientLocalIP': '127.0.0.1', 'X-ClientPublicIP': '106.193.147.98', 'X-MACAddress': '28:d0:43:5b:b9:c1', 'Accept': 'application/json', 'X-PrivateKey': 'y2gLEdxZ', 'X-UserType': 'USER', 'X-SourceID': 'WEB'}, Request: {'clientcode': 'A62128571', 'password': '0852', 'totp': '432678'}, Response: {'status': False, 'message': 'Invalid totp', 'errorcode': 'AB1050', 'data': None}
[E 250111 16:45:03 run:52] {'status': False, 'message': 'Invalid totp', 'errorcode': 'AB1050', 'data': None}
[E 250111 16:46:12 smartConnect:246] Error occurred while making a POST request to https://apiconnect.angelone.in/rest/auth/angelbroking/user/v1/loginByPassword. Error: Invalid totp. URL: https://apiconnect.angelone.in/rest/auth/angelbroking/user/v1/loginByPassword, Headers: {'Content-type': 'application/json', 'X-ClientLocalIP': '127.0.0.1', 'X-ClientPublicIP': '106.193.147.98', 'X-MACAddress': '28:d0:43:5b:b9:c1', 'Accept': 'application/json', 'X-PrivateKey': 'y2gLEdxZ', 'X-UserType': 'USER', 'X-SourceID': 'WEB'}, Request: {'clientcode': 'A62128571', 'password': '0852', 'totp': '242244'}, Response: {'status': False, 'message': 'Invalid totp', 'errorcode': 'AB1050', 'data': None}
[E 250111 16:46:12 run:52] {'status': False, 'message': 'Invalid totp', 'errorcode': 'AB1050', 'data': None}
[E 250111 16:46:36 smartConnect:246] Error occurred while making a POST request to https://apiconnect.angelone.in/rest/secure/angelbroking/gtt/v1/ruleList. Error: Invalid Token. URL: https://apiconnect.angelone.in/rest/secure/angelbroking/gtt/v1/ruleList, Headers: {'Content-type': 'application/json', 'X-ClientLocalIP': '127.0.0.1', 'X-ClientPublicIP': '106.193.147.98', 'X-MACAddress': '28:d0:43:5b:b9:c1', 'Accept': 'application/json', 'X-PrivateKey': 'y2gLEdxZ', 'X-UserType': 'USER', 'X-SourceID': 'WEB'}, Request: {'status': ['FORALL'], 'page': 1, 'count': 10}, Response: {'success': False, 'message': 'Invalid Token', 'errorCode': 'AG8001', 'data': ''}
[E 250111 17:04:32 smartConnect:246] Error occurred while making a POST request to https://apiconnect.angelone.in/rest/secure/angelbroking/gtt/v1/ruleList. Error: Invalid Token. URL: https://apiconnect.angelone.in/rest/secure/angelbroking/gtt/v1/ruleList, Headers: {'Content-type': 'application/json', 'X-ClientLocalIP': '127.0.0.1', 'X-ClientPublicIP': '106.193.147.98', 'X-MACAddress': '28:d0:43:5b:b9:c1', 'Accept': 'application/json', 'X-PrivateKey': 'y2gLEdxZ', 'X-UserType': 'USER', 'X-SourceID': 'WEB'}, Request: {'status': ['FORALL'], 'page': 1, 'count': 10}, Response: {'success': False, 'message': 'Invalid Token', 'errorCode': 'AG8001', 'data': ''}
[E 250111 17:04:33 smartConnect:246] Error occurred while making a POST request to https://apiconnect.angelone.in/rest/secure/angelbroking/gtt/v1/ruleList. Error: Invalid Token. URL: https://apiconnect.angelone.in/rest/secure/angelbroking/gtt/v1/ruleList, Headers: {'Content-type': 'application/json', 'X-ClientLocalIP': '127.0.0.1', 'X-ClientPublicIP': '106.193.147.98', 'X-MACAddress': '28:d0:43:5b:b9:c1', 'Accept': 'application/json', 'X-PrivateKey': 'y2gLEdxZ', 'X-UserType': 'USER', 'X-SourceID': 'WEB'}, Request: {'status': ['FORALL'], 'page': 1, 'count': 10}, Response: {'success': False, 'message': 'Invalid Token', 'errorCode': 'AG8001', 'data': ''}
[E 250111 17:10:36 smartConnect:246] Error occurred while making a POST request to https://apiconnect.angelone.in/rest/secure/angelbroking/order/v1/placeOrder. Error: Invalid Token. URL: https://apiconnect.angelone.in/rest/secure/angelbroking/order/v1/placeOrder, Headers: {'Content-type': 'application/json', 'X-ClientLocalIP': '127.0.0.1', 'X-ClientPublicIP': '106.193.147.98', 'X-MACAddress': '28:d0:43:5b:b9:c1', 'Accept': 'application/json', 'X-PrivateKey': 'y2gLEdxZ', 'X-UserType': 'USER', 'X-SourceID': 'WEB'}, Request: {'variety': 'NORMAL', 'tradingsymbol': '', 'symboltoken': '', 'transactiontype': 'BUY', 'exchange': 'BSE', 'ordertype': 'MARKET', 'producttype': 'DELIVERY', 'duration': 'DAY', 'price': '', 'squareoff': '0', 'stoploss': '0', 'quantity': ''}, Response: {'success': False, 'message': 'Invalid Token', 'errorCode': 'AG8001', 'data': ''}
[E 250111 17:10:36 smartConnect:339] API request failed: {'success': False, 'message': 'Invalid Token', 'errorCode': 'AG8001', 'data': ''}
[E 250111 17:12:40 smartConnect:246] Error occurred while making a POST request to https://apiconnect.angelone.in/rest/secure/angelbroking/order/v1/placeOrder. Error: Invalid Token. URL: https://apiconnect.angelone.in/rest/secure/angelbroking/order/v1/placeOrder, Headers: {'Content-type': 'application/json', 'X-ClientLocalIP': '127.0.0.1', 'X-ClientPublicIP': '106.193.147.98', 'X-MACAddress': '28:d0:43:5b:b9:c1', 'Accept': 'application/json', 'X-PrivateKey': 'y2gLEdxZ', 'X-UserType': 'USER', 'X-SourceID': 'WEB'}, Request: {'variety': 'NORMAL', 'tradingsymbol': 'SBIN-EQ', 'symboltoken': '3045', 'transactiontype': 'BUY', 'exchange': 'BSE', 'ordertype': 'MARKET', 'producttype': 'DELIVERY', 'duration': 'DAY', 'price': '19500', 'squareoff': '0', 'stoploss': '0', 'quantity': '10'}, Response: {'success': False, 'message': 'Invalid Token', 'errorCode': 'AG8001', 'data': ''}
[E 250111 17:12:40 smartConnect:339] API request failed: {'success': False, 'message': 'Invalid Token', 'errorCode': 'AG8001', 'data': ''}
[E 250111 17:12:41 smartConnect:246] Error occurred while making a POST request to https://apiconnect.angelone.in/rest/secure/angelbroking/order/v1/placeOrder. Error: Invalid Token. URL: https://apiconnect.angelone.in/rest/secure/angelbroking/order/v1/placeOrder, Headers: {'Content-type': 'application/json', 'X-ClientLocalIP': '127.0.0.1', 'X-ClientPublicIP': '106.193.147.98', 'X-MACAddress': '28:d0:43:5b:b9:c1', 'Accept': 'application/json', 'X-PrivateKey': 'y2gLEdxZ', 'X-UserType': 'USER', 'X-SourceID': 'WEB'}, Request: {'variety': 'NORMAL', 'tradingsymbol': 'SBIN-EQ', 'symboltoken': '3045', 'transactiontype': 'BUY', 'exchange': 'BSE', 'ordertype': 'MARKET', 'producttype': 'DELIVERY', 'duration': 'DAY', 'price': '19500', 'squareoff': '0', 'stoploss': '0', 'quantity': '10'}, Response: {'success': False, 'message': 'Invalid Token', 'errorCode': 'AG8001', 'data': ''}
[E 250111 17:12:41 smartConnect:339] API request failed: {'success': False, 'message': 'Invalid Token', 'errorCode': 'AG8001', 'data': ''}
[E 250111 17:13:41 smartConnect:246] Error occurred while making a POST request to https://apiconnect.angelone.in/rest/secure/angelbroking/order/v1/placeOrder. Error: Invalid Token. URL: https://apiconnect.angelone.in/rest/secure/angelbroking/order/v1/placeOrder, Headers: {'Content-type': 'application/json', 'X-ClientLocalIP': '127.0.0.1', 'X-ClientPublicIP': '106.193.147.98', 'X-MACAddress': '28:d0:43:5b:b9:c1', 'Accept': 'application/json', 'X-PrivateKey': 'y2gLEdxZ', 'X-UserType': 'USER', 'X-SourceID': 'WEB'}, Request: {'variety': 'NORMAL', 'tradingsymbol': 'SBIN-EQ', 'symboltoken': '3045', 'transactiontype': 'BUY', 'exchange': 'NSE', 'ordertype': 'LIMIT', 'producttype': 'INTRADAY', 'duration': 'DAY', 'price': '19500', 'squareoff': '0', 'stoploss': '0', 'quantity': '1'}, Response: {'success': False, 'message': 'Invalid Token', 'errorCode': 'AG8001', 'data': ''}
[E 250111 17:13:41 smartConnect:339] API request failed: {'success': False, 'message': 'Invalid Token', 'errorCode': 'AG8001', 'data': ''}
[E 250111 17:17:09 smartConnect:246] Error occurred while making a POST request to https://apiconnect.angelone.in/rest/secure/angelbroking/order/v1/placeOrder. Error: Invalid Token. URL: https://apiconnect.angelone.in/rest/secure/angelbroking/order/v1/placeOrder, Headers: {'Content-type': 'application/json', 'X-ClientLocalIP': '127.0.0.1', 'X-ClientPublicIP': '106.193.147.98', 'X-MACAddress': '28:d0:43:5b:b9:c1', 'Accept': 'application/json', 'X-PrivateKey': 'y2gLEdxZ', 'X-UserType': 'USER', 'X-SourceID': 'WEB'}, Request: {'variety': 'NORMAL', 'tradingsymbol': 'SBIN-EQ', 'symboltoken': '3045', 'transactiontype': 'BUY', 'exchange': 'NSE', 'ordertype': 'MARKET', 'producttype': 'DELIVERY', 'duration': 'DAY', 'price': '19500', 'squareoff': '0', 'stoploss': '0', 'quantity': '1'}, Response: {'success': False, 'message': 'Invalid Token', 'errorCode': 'AG8001', 'data': ''}
[E 250111 17:17:09 smartConnect:339] API request failed: {'success': False, 'message': 'Invalid Token', 'errorCode': 'AG8001', 'data': ''}
